0 info it worked if it ends with ok
1 verbose cli [ '/home/ggk/.nvm/versions/node/v6.2.2/bin/node',
1 verbose cli   '/home/ggk/.nvm/versions/node/v6.2.2/bin/npm',
1 verbose cli   'start' ]
2 info using npm@3.9.5
3 info using node@v6.2.2
4 verbose run-script [ 'prestart', 'start', 'poststart' ]
5 info lifecycle rhetorik-ui@1.0.0~prestart: rhetorik-ui@1.0.0
6 silly lifecycle rhetorik-ui@1.0.0~prestart: no script for prestart, continuing
7 info lifecycle rhetorik-ui@1.0.0~start: rhetorik-ui@1.0.0
8 verbose lifecycle rhetorik-ui@1.0.0~start: unsafe-perm in lifecycle true
9 verbose lifecycle rhetorik-ui@1.0.0~start: PATH: /home/ggk/.nvm/versions/node/v6.2.2/lib/node_modules/npm/bin/node-gyp-bin:/home/ggk/projects/lease-analytics/Labeller/react-basic-structure/node_modules/.bin:/home/ggk/.nvm/versions/node/v6.2.2/bin:/home/ggk/.nvm/versions/node/v6.2.2/bin:/usr/local/java/jdk1.8.0_77/bin:/usr/local/sbin:/usr/local/bin:/usr/sbin:/usr/bin:/sbin:/bin:/usr/games:/usr/local/games:/home/ggk/.rvm/bin:/home/ggk/.rvm/bin:/home/ggk/.rvm/bin
10 verbose lifecycle rhetorik-ui@1.0.0~start: CWD: /home/ggk/projects/lease-analytics/Labeller/react-basic-structure
11 silly lifecycle rhetorik-ui@1.0.0~start: Args: [ '-c',
11 silly lifecycle   'cross-env NODE_ENV=development node build/scripts/start' ]
12 silly lifecycle rhetorik-ui@1.0.0~start: Returned: code: 1  signal: null
13 info lifecycle rhetorik-ui@1.0.0~start: Failed to exec start script
14 verbose stack Error: rhetorik-ui@1.0.0 start: `cross-env NODE_ENV=development node build/scripts/start`
14 verbose stack Exit status 1
14 verbose stack     at EventEmitter.<anonymous> (/home/ggk/.nvm/versions/node/v6.2.2/lib/node_modules/npm/lib/utils/lifecycle.js:245:16)
14 verbose stack     at emitTwo (events.js:106:13)
14 verbose stack     at EventEmitter.emit (events.js:191:7)
14 verbose stack     at ChildProcess.<anonymous> (/home/ggk/.nvm/versions/node/v6.2.2/lib/node_modules/npm/lib/utils/spawn.js:24:14)
14 verbose stack     at emitTwo (events.js:106:13)
14 verbose stack     at ChildProcess.emit (events.js:191:7)
14 verbose stack     at maybeClose (internal/child_process.js:852:16)
14 verbose stack     at Process.ChildProcess._handle.onexit (internal/child_process.js:215:5)
15 verbose pkgid rhetorik-ui@1.0.0
16 verbose cwd /home/ggk/projects/lease-analytics/Labeller/react-basic-structure
17 error Linux 3.13.0-85-generic
18 error argv "/home/ggk/.nvm/versions/node/v6.2.2/bin/node" "/home/ggk/.nvm/versions/node/v6.2.2/bin/npm" "start"
19 error node v6.2.2
20 error npm  v3.9.5
21 error code ELIFECYCLE
22 error rhetorik-ui@1.0.0 start: `cross-env NODE_ENV=development node build/scripts/start`
22 error Exit status 1
23 error Failed at the rhetorik-ui@1.0.0 start script 'cross-env NODE_ENV=development node build/scripts/start'.
23 error Make sure you have the latest version of node.js and npm installed.
23 error If you do, this is most likely a problem with the rhetorik-ui package,
23 error not with npm itself.
23 error Tell the author that this fails on your system:
23 error     cross-env NODE_ENV=development node build/scripts/start
23 error You can get information on how to open an issue for this project with:
23 error     npm bugs rhetorik-ui
23 error Or if that isn't available, you can get their info via:
23 error     npm owner ls rhetorik-ui
23 error There is likely additional logging output above.
24 verbose exit [ 1, true ]
